[2024-07-06 22:47:45.596] [puff::index::jointLog] [info] Running fixFasta
[2024-07-06 22:47:45.602] [puff::index::jointLog] [info] Replaced 0 non-ATCG nucleotides
[2024-07-06 22:47:45.603] [puff::index::jointLog] [info] Clipped poly-A tails from 0 transcripts
[2024-07-06 22:47:45.603] [puff::index::jointLog] [info] Filter size not provided; estimating from number of distinct k-mers
[2024-07-06 22:47:45.604] [puff::index::jointLog] [info] ntHll estimated 65747 distinct k-mers, setting filter size to 2^21
[2024-07-06 22:47:45.630] [puff::index::jointLog] [info] Starting the Pufferfish indexing by reading the GFA binary file.
[2024-07-06 22:47:45.630] [puff::index::jointLog] [info] Setting the index/BinaryGfa directory Trinity.tmp.fasta.salmon.idx
[2024-07-06 22:47:45.631] [puff::index::jointLog] [info] Done wrapping the rank vector with a rank9sel structure.
[2024-07-06 22:47:45.631] [puff::index::jointLog] [info] contig count for validation: 178
[2024-07-06 22:47:45.631] [puff::index::jointLog] [info] Total # of Contigs : 178
[2024-07-06 22:47:45.631] [puff::index::jointLog] [info] Total # of numerical Contigs : 178
[2024-07-06 22:47:45.631] [puff::index::jointLog] [info] Total # of contig vec entries: 232
[2024-07-06 22:47:45.631] [puff::index::jointLog] [info] bits per offset entry 8
[2024-07-06 22:47:45.631] [puff::index::jointLog] [info] Done constructing the contig vector. 179
[2024-07-06 22:47:45.631] [puff::index::jointLog] [info] # segments = 178
[2024-07-06 22:47:45.631] [puff::index::jointLog] [info] total length = 47,356
[2024-07-06 22:47:45.631] [puff::index::jointLog] [info] Reading the reference files ...
[2024-07-06 22:47:45.632] [puff::index::jointLog] [info] positional integer width = 16
[2024-07-06 22:47:45.632] [puff::index::jointLog] [info] seqSize = 47,356
[2024-07-06 22:47:45.632] [puff::index::jointLog] [info] rankSize = 47,356
[2024-07-06 22:47:45.632] [puff::index::jointLog] [info] edgeVecSize = 0
[2024-07-06 22:47:45.632] [puff::index::jointLog] [info] num keys = 43,084
[2024-07-06 22:47:45.640] [puff::index::jointLog] [info] mphf size = 0.0276337 MB
[2024-07-06 22:47:45.641] [puff::index::jointLog] [info] chunk size = 23,678
[2024-07-06 22:47:45.641] [puff::index::jointLog] [info] chunk 0 = [0, 23,678)
[2024-07-06 22:47:45.641] [puff::index::jointLog] [info] chunk 1 = [23,678, 47,332)
[2024-07-06 22:47:45.643] [puff::index::jointLog] [info] finished populating pos vector
[2024-07-06 22:47:45.643] [puff::index::jointLog] [info] writing index components
[2024-07-06 22:47:45.643] [puff::index::jointLog] [info] finished writing dense pufferfish index
