Building DAG of jobs...
Using shell: /usr/bin/bash
Provided cores: 8
Rules claiming more threads will be scaled down.
Job stats:
job       count
------  -------
all           1
eggnog        1
total         2

Select jobs to execute...
Execute 1 jobs...

[Thu Jul 11 00:15:03 2024]
localrule eggnog:
    input: outputs/trinity/SRR2103848_trinity/Trinity.tmp.fasta
    output: outputs/eggnog/SRR2103848_eggnog, outputs/eggnog/SRR2103848_eggnog/SRR2103848_eggnog.emapper.annotations.xlsx
    jobid: 8
    reason: Missing output files: outputs/eggnog/SRR2103848_eggnog/SRR2103848_eggnog.emapper.annotations.xlsx, outputs/eggnog/SRR2103848_eggnog
    wildcards: sample=SRR2103848
    threads: 8
    resources: tmpdir=/tmp

Terminating processes on user request, this might take some time.
[Thu Jul 11 00:15:07 2024]
Error in rule eggnog:
    jobid: 8
    input: outputs/trinity/SRR2103848_trinity/Trinity.tmp.fasta
    output: outputs/eggnog/SRR2103848_eggnog, outputs/eggnog/SRR2103848_eggnog/SRR2103848_eggnog.emapper.annotations.xlsx

Complete log: .snakemake/log/2024-07-11T001503.272881.snakemake.log
WorkflowError:
At least one job did not complete successfully.
