Building DAG of jobs...
Using shell: /usr/bin/bash
Provided cores: 8
Rules claiming more threads will be scaled down.
Job stats:
job        count
-------  -------
all            1
trinity        2
total          3

Select jobs to execute...
Execute 2 jobs...

[Mon Jun 24 19:46:53 2024]
localrule trinity:
    input: outputs/illumina/trimmed/SRR2103848_first5k_trimmed.1.fq.gz, outputs/illumina/trimmed/SRR2103848_first5k_trimmed.2.fq.gz
    output: outputs/trinity/SRR2103848_first5k_trinity, outputs/trinity/SRR2103848_first5k_trinity/Trinity.tmp.fasta
    jobid: 9
    reason: Missing output files: outputs/trinity/SRR2103848_first5k_trinity/Trinity.tmp.fasta, outputs/trinity/SRR2103848_first5k_trinity
    wildcards: sample=SRR2103848_first5k
    resources: tmpdir=/tmp


[Mon Jun 24 19:46:53 2024]
localrule trinity:
    input: outputs/illumina/trimmed/SRR2103848_second5k_trimmed.1.fq.gz, outputs/illumina/trimmed/SRR2103848_second5k_trimmed.2.fq.gz
    output: outputs/trinity/SRR2103848_second5k_trinity, outputs/trinity/SRR2103848_second5k_trinity/Trinity.tmp.fasta
    jobid: 10
    reason: Missing output files: outputs/trinity/SRR2103848_second5k_trinity/Trinity.tmp.fasta, outputs/trinity/SRR2103848_second5k_trinity
    wildcards: sample=SRR2103848_second5k
    resources: tmpdir=/tmp

[Mon Jun 24 19:48:35 2024]
Error in rule trinity:
    jobid: 9
    input: outputs/illumina/trimmed/SRR2103848_first5k_trimmed.1.fq.gz, outputs/illumina/trimmed/SRR2103848_first5k_trimmed.2.fq.gz
    output: outputs/trinity/SRR2103848_first5k_trinity, outputs/trinity/SRR2103848_first5k_trinity/Trinity.tmp.fasta

Removing output files of failed job trinity since they might be corrupted:
outputs/trinity/SRR2103848_first5k_trinity
Skipped removing non-empty directory outputs/trinity/SRR2103848_first5k_trinity
[Mon Jun 24 19:48:38 2024]
Error in rule trinity:
    jobid: 10
    input: outputs/illumina/trimmed/SRR2103848_second5k_trimmed.1.fq.gz, outputs/illumina/trimmed/SRR2103848_second5k_trimmed.2.fq.gz
    output: outputs/trinity/SRR2103848_second5k_trinity, outputs/trinity/SRR2103848_second5k_trinity/Trinity.tmp.fasta

Removing output files of failed job trinity since they might be corrupted:
outputs/trinity/SRR2103848_second5k_trinity
Skipped removing non-empty directory outputs/trinity/SRR2103848_second5k_trinity
Shutting down, this might take some time.
Exiting because a job execution failed. Look above for error message
Complete log: .snakemake/log/2024-06-24T194653.050610.snakemake.log
WorkflowError:
At least one job did not complete successfully.
