Building DAG of jobs...
Using shell: /usr/bin/bash
Provided cores: 8
Rules claiming more threads will be scaled down.
Job stats:
job               count
--------------  -------
all                   1
compress_reads        1
fastp_raw             1
fastp_trimmed         1
transdecoder          1
trimmomatic           1
trinity               1
total                 7

Select jobs to execute...
Execute 1 jobs...

[Tue Jul  9 14:41:16 2024]
localrule compress_reads:
    input: outputs/illumina/raw/SRR2103848_1.fastq, outputs/illumina/raw/SRR2103848_2.fastq
    output: outputs/illumina/raw/SRR2103848_1.fastq.gz, outputs/illumina/raw/SRR2103848_2.fastq.gz
    jobid: 3
    reason: Missing output files: outputs/illumina/raw/SRR2103848_2.fastq.gz, outputs/illumina/raw/SRR2103848_1.fastq.gz
    wildcards: sample=SRR2103848
    resources: tmpdir=/tmp

[Tue Jul  9 14:42:07 2024]
Finished job 3.
1 of 7 steps (14%) done
Select jobs to execute...
Execute 1 jobs...

[Tue Jul  9 14:42:07 2024]
localrule fastp_raw:
    input: outputs/illumina/raw/SRR2103848_1.fastq.gz, outputs/illumina/raw/SRR2103848_2.fastq.gz
    output: outputs/illumina/fastp_raw/SRR2103848.1.fq.gz, outputs/illumina/fastp_raw/SRR2103848.2.fq.gz, outputs/illumina/fastp_raw/SRR2103848_fastp.json, outputs/illumina/fastp_raw/SRR2103848_fastp.html
    jobid: 2
    reason: Missing output files: outputs/illumina/fastp_raw/SRR2103848_fastp.json, outputs/illumina/fastp_raw/SRR2103848.2.fq.gz, outputs/illumina/fastp_raw/SRR2103848.1.fq.gz, outputs/illumina/fastp_raw/SRR2103848_fastp.html; Input files updated by another job: outputs/illumina/raw/SRR2103848_2.fastq.gz, outputs/illumina/raw/SRR2103848_1.fastq.gz
    wildcards: sample=SRR2103848
    threads: 8
    resources: tmpdir=/tmp

[Tue Jul  9 14:43:04 2024]
Finished job 2.
2 of 7 steps (29%) done
Select jobs to execute...
Execute 1 jobs...

[Tue Jul  9 14:43:04 2024]
localrule trimmomatic:
    input: outputs/illumina/fastp_raw/SRR2103848.1.fq.gz, outputs/illumina/fastp_raw/SRR2103848.2.fq.gz
    output: outputs/illumina/trimmed/SRR2103848_trimmed.1.fq.gz, outputs/illumina/trimmed/SRR2103848_trimmed.1u.fq.gz, outputs/illumina/trimmed/SRR2103848_trimmed.2.fq.gz, outputs/illumina/trimmed/SRR2103848_trimmed.2u.fq.gz
    jobid: 4
    reason: Missing output files: outputs/illumina/trimmed/SRR2103848_trimmed.2.fq.gz, outputs/illumina/trimmed/SRR2103848_trimmed.2u.fq.gz, outputs/illumina/trimmed/SRR2103848_trimmed.1.fq.gz, outputs/illumina/trimmed/SRR2103848_trimmed.1u.fq.gz; Input files updated by another job: outputs/illumina/fastp_raw/SRR2103848.2.fq.gz, outputs/illumina/fastp_raw/SRR2103848.1.fq.gz
    wildcards: sample=SRR2103848
    threads: 8
    resources: tmpdir=/tmp

[Tue Jul  9 14:47:53 2024]
Finished job 4.
3 of 7 steps (43%) done
Select jobs to execute...
Execute 1 jobs...

[Tue Jul  9 14:47:53 2024]
localrule trinity:
    input: outputs/illumina/trimmed/SRR2103848_trimmed.1.fq.gz, outputs/illumina/trimmed/SRR2103848_trimmed.2.fq.gz
    output: outputs/trinity/SRR2103848_trinity, outputs/trinity/SRR2103848_trinity/Trinity.tmp.fasta
    jobid: 6
    reason: Missing output files: outputs/trinity/SRR2103848_trinity/Trinity.tmp.fasta, outputs/trinity/SRR2103848_trinity; Input files updated by another job: outputs/illumina/trimmed/SRR2103848_trimmed.2.fq.gz, outputs/illumina/trimmed/SRR2103848_trimmed.1.fq.gz
    wildcards: sample=SRR2103848
    resources: tmpdir=/tmp

