Building DAG of jobs...
Using shell: /usr/bin/bash
Provided cores: 8
Rules claiming more threads will be scaled down.
Job stats:
job               count
--------------  -------
all                   1
download_reads        1
fastp                 1
trimmomatic           2
total                 5

Select jobs to execute...
Execute 1 jobs...

[Mon Jun 24 18:04:07 2024]
localrule trimmomatic:
    input: outputs/illumina/fastp/SRR2103848_second5k.1.fq.gz, outputs/illumina/fastp/SRR2103848_second5k.2.fq.gz
    output: outputs/illumina/trimmed/SRR2103848_second5k_trimmed.1.fq.gz, outputs/illumina/trimmed/SRR2103848_second5k_trimmed.1u.fq.gz, outputs/illumina/trimmed/SRR2103848_second5k_trimmed.2.fq.gz, outputs/illumina/trimmed/SRR2103848_second5k_trimmed.2u.fq.gz
    jobid: 6
    reason: Missing output files: outputs/illumina/trimmed/SRR2103848_second5k_trimmed.2u.fq.gz, outputs/illumina/trimmed/SRR2103848_second5k_trimmed.2.fq.gz, outputs/illumina/trimmed/SRR2103848_second5k_trimmed.1.fq.gz, outputs/illumina/trimmed/SRR2103848_second5k_trimmed.1u.fq.gz
    wildcards: sample=SRR2103848_second5k
    threads: 8
    resources: tmpdir=/tmp

[Mon Jun 24 18:04:08 2024]
Finished job 6.
1 of 5 steps (20%) done
Select jobs to execute...
Execute 1 jobs...

[Mon Jun 24 18:04:08 2024]
localrule download_reads:
    output: outputs/illumina/raw/SRR2103848_first5k_1.fastq.gz, outputs/illumina/raw/SRR2103848_first5k_2.fastq.gz
    jobid: 1
    reason: Forced execution
    wildcards: sample=SRR2103848_first5k
    resources: tmpdir=/tmp

[Mon Jun 24 18:04:08 2024]
Finished job 1.
2 of 5 steps (40%) done
Select jobs to execute...
Execute 1 jobs...

[Mon Jun 24 18:04:08 2024]
localrule fastp:
    input: outputs/illumina/raw/SRR2103848_first5k_1.fastq.gz, outputs/illumina/raw/SRR2103848_first5k_2.fastq.gz
    output: outputs/illumina/fastp/SRR2103848_first5k.1.fq.gz, outputs/illumina/fastp/SRR2103848_first5k.2.fq.gz, outputs/illumina/fastp/SRR2103848_first5k_fastp.json, outputs/illumina/fastp/SRR2103848_first5k_fastp.html
    jobid: 3
    reason: Missing output files: outputs/illumina/fastp/SRR2103848_first5k.1.fq.gz, outputs/illumina/fastp/SRR2103848_first5k_fastp.html, outputs/illumina/fastp/SRR2103848_first5k.2.fq.gz, outputs/illumina/fastp/SRR2103848_first5k_fastp.json; Input files updated by another job: outputs/illumina/raw/SRR2103848_first5k_1.fastq.gz, outputs/illumina/raw/SRR2103848_first5k_2.fastq.gz
    wildcards: sample=SRR2103848_first5k
    threads: 8
    resources: tmpdir=/tmp

[Mon Jun 24 18:04:09 2024]
Finished job 3.
3 of 5 steps (60%) done
Select jobs to execute...
Execute 1 jobs...

[Mon Jun 24 18:04:09 2024]
localrule trimmomatic:
    input: outputs/illumina/fastp/SRR2103848_first5k.1.fq.gz, outputs/illumina/fastp/SRR2103848_first5k.2.fq.gz
    output: outputs/illumina/trimmed/SRR2103848_first5k_trimmed.1.fq.gz, outputs/illumina/trimmed/SRR2103848_first5k_trimmed.1u.fq.gz, outputs/illumina/trimmed/SRR2103848_first5k_trimmed.2.fq.gz, outputs/illumina/trimmed/SRR2103848_first5k_trimmed.2u.fq.gz
    jobid: 5
    reason: Missing output files: outputs/illumina/trimmed/SRR2103848_first5k_trimmed.1.fq.gz, outputs/illumina/trimmed/SRR2103848_first5k_trimmed.1u.fq.gz, outputs/illumina/trimmed/SRR2103848_first5k_trimmed.2.fq.gz, outputs/illumina/trimmed/SRR2103848_first5k_trimmed.2u.fq.gz; Input files updated by another job: outputs/illumina/fastp/SRR2103848_first5k.1.fq.gz, outputs/illumina/fastp/SRR2103848_first5k.2.fq.gz
    wildcards: sample=SRR2103848_first5k
    threads: 8
    resources: tmpdir=/tmp

[Mon Jun 24 18:04:10 2024]
Finished job 5.
4 of 5 steps (80%) done
Select jobs to execute...
Execute 1 jobs...

[Mon Jun 24 18:04:10 2024]
localrule all:
    input: outputs/illumina/raw/SRR2103848_first5k_1.fastq.gz, outputs/illumina/raw/SRR2103848_second5k_1.fastq.gz, outputs/illumina/raw/SRR2103848_first5k_2.fastq.gz, outputs/illumina/raw/SRR2103848_second5k_2.fastq.gz, outputs/illumina/fastp/SRR2103848_first5k.1.fq.gz, outputs/illumina/fastp/SRR2103848_second5k.1.fq.gz, outputs/illumina/fastp/SRR2103848_first5k.2.fq.gz, outputs/illumina/fastp/SRR2103848_second5k.2.fq.gz, outputs/illumina/fastp/SRR2103848_first5k_fastp.json, outputs/illumina/fastp/SRR2103848_second5k_fastp.json, outputs/illumina/fastp/SRR2103848_first5k_fastp.html, outputs/illumina/fastp/SRR2103848_second5k_fastp.html, outputs/illumina/trimmed/SRR2103848_first5k_trimmed.1.fq.gz, outputs/illumina/trimmed/SRR2103848_second5k_trimmed.1.fq.gz, outputs/illumina/trimmed/SRR2103848_first5k_trimmed.1u.fq.gz, outputs/illumina/trimmed/SRR2103848_second5k_trimmed.1u.fq.gz, outputs/illumina/trimmed/SRR2103848_first5k_trimmed.2.fq.gz, outputs/illumina/trimmed/SRR2103848_second5k_trimmed.2.fq.gz, outputs/illumina/trimmed/SRR2103848_first5k_trimmed.2u.fq.gz, outputs/illumina/trimmed/SRR2103848_second5k_trimmed.2u.fq.gz
    jobid: 0
    reason: Input files updated by another job: outputs/illumina/trimmed/SRR2103848_first5k_trimmed.1u.fq.gz, outputs/illumina/fastp/SRR2103848_first5k_fastp.json, outputs/illumina/fastp/SRR2103848_first5k.1.fq.gz, outputs/illumina/trimmed/SRR2103848_second5k_trimmed.1.fq.gz, outputs/illumina/fastp/SRR2103848_first5k_fastp.html, outputs/illumina/trimmed/SRR2103848_first5k_trimmed.1.fq.gz, outputs/illumina/trimmed/SRR2103848_first5k_trimmed.2.fq.gz, outputs/illumina/raw/SRR2103848_first5k_1.fastq.gz, outputs/illumina/trimmed/SRR2103848_second5k_trimmed.2u.fq.gz, outputs/illumina/trimmed/SRR2103848_first5k_trimmed.2u.fq.gz, outputs/illumina/raw/SRR2103848_first5k_2.fastq.gz, outputs/illumina/trimmed/SRR2103848_second5k_trimmed.2.fq.gz, outputs/illumina/trimmed/SRR2103848_second5k_trimmed.1u.fq.gz, outputs/illumina/fastp/SRR2103848_first5k.2.fq.gz
    resources: tmpdir=/tmp

[Mon Jun 24 18:04:10 2024]
Finished job 0.
5 of 5 steps (100%) done
Complete log: .snakemake/log/2024-06-24T180407.129661.snakemake.log
