Building DAG of jobs...
Using shell: /usr/bin/bash
Provided cores: 8
Rules claiming more threads will be scaled down.
Job stats:
job        count
-------  -------
all            1
trinity        2
total          3

Select jobs to execute...
Execute 2 jobs...

[Mon Jun 24 19:31:19 2024]
localrule trinity:
    input: outputs/illumina/trimmed/SRR2103848_first5k_trimmed.1.fq.gz, outputs/illumina/trimmed/SRR2103848_first5k_trimmed.2.fq.gz
    output: SRR2103848_first5k_trinity, SRR2103848_first5k_trinity/Trinity.tmp.fasta
    jobid: 9
    reason: Missing output files: SRR2103848_first5k_trinity, SRR2103848_first5k_trinity/Trinity.tmp.fasta
    wildcards: sample=SRR2103848_first5k
    resources: tmpdir=/tmp


[Mon Jun 24 19:31:19 2024]
localrule trinity:
    input: outputs/illumina/trimmed/SRR2103848_second5k_trimmed.1.fq.gz, outputs/illumina/trimmed/SRR2103848_second5k_trimmed.2.fq.gz
    output: SRR2103848_second5k_trinity, SRR2103848_second5k_trinity/Trinity.tmp.fasta
    jobid: 10
    reason: Missing output files: SRR2103848_second5k_trinity, SRR2103848_second5k_trinity/Trinity.tmp.fasta
    wildcards: sample=SRR2103848_second5k
    resources: tmpdir=/tmp

[Mon Jun 24 19:33:01 2024]
Finished job 9.
1 of 3 steps (33%) done
[Mon Jun 24 19:33:04 2024]
Finished job 10.
2 of 3 steps (67%) done
Select jobs to execute...
Execute 1 jobs...

[Mon Jun 24 19:33:04 2024]
localrule all:
    input: outputs/illumina/raw/SRR2103848_first5k_1.fastq.gz, outputs/illumina/raw/SRR2103848_second5k_1.fastq.gz, outputs/illumina/raw/SRR2103848_first5k_2.fastq.gz, outputs/illumina/raw/SRR2103848_second5k_2.fastq.gz, outputs/illumina/fastp_raw/SRR2103848_first5k.1.fq.gz, outputs/illumina/fastp_raw/SRR2103848_second5k.1.fq.gz, outputs/illumina/fastp_raw/SRR2103848_first5k.2.fq.gz, outputs/illumina/fastp_raw/SRR2103848_second5k.2.fq.gz, outputs/illumina/fastp_raw/SRR2103848_first5k_fastp.json, outputs/illumina/fastp_raw/SRR2103848_second5k_fastp.json, outputs/illumina/fastp_raw/SRR2103848_first5k_fastp.html, outputs/illumina/fastp_raw/SRR2103848_second5k_fastp.html, outputs/illumina/trimmed/SRR2103848_first5k_trimmed.1.fq.gz, outputs/illumina/trimmed/SRR2103848_second5k_trimmed.1.fq.gz, outputs/illumina/trimmed/SRR2103848_first5k_trimmed.1u.fq.gz, outputs/illumina/trimmed/SRR2103848_second5k_trimmed.1u.fq.gz, outputs/illumina/trimmed/SRR2103848_first5k_trimmed.2.fq.gz, outputs/illumina/trimmed/SRR2103848_second5k_trimmed.2.fq.gz, outputs/illumina/trimmed/SRR2103848_first5k_trimmed.2u.fq.gz, outputs/illumina/trimmed/SRR2103848_second5k_trimmed.2u.fq.gz, outputs/illumina/fastp_trimmed/SRR2103848_first5k.1.fq.gz, outputs/illumina/fastp_trimmed/SRR2103848_second5k.1.fq.gz, outputs/illumina/fastp_trimmed/SRR2103848_first5k.2.fq.gz, outputs/illumina/fastp_trimmed/SRR2103848_second5k.2.fq.gz, outputs/illumina/fastp_trimmed/SRR2103848_first5k_fastp.json, outputs/illumina/fastp_trimmed/SRR2103848_second5k_fastp.json, outputs/illumina/fastp_trimmed/SRR2103848_first5k_fastp.html, outputs/illumina/fastp_trimmed/SRR2103848_second5k_fastp.html, SRR2103848_first5k_trinity, SRR2103848_second5k_trinity, SRR2103848_first5k_trinity/Trinity.tmp.fasta, SRR2103848_second5k_trinity/Trinity.tmp.fasta
    jobid: 0
    reason: Input files updated by another job: SRR2103848_second5k_trinity/Trinity.tmp.fasta, SRR2103848_second5k_trinity, SRR2103848_first5k_trinity, SRR2103848_first5k_trinity/Trinity.tmp.fasta
    resources: tmpdir=/tmp

[Mon Jun 24 19:33:04 2024]
Finished job 0.
3 of 3 steps (100%) done
Complete log: .snakemake/log/2024-06-24T193119.049381.snakemake.log
