Building DAG of jobs...
Using shell: /usr/bin/bash
Provided cores: 8
Rules claiming more threads will be scaled down.
Job stats:
job             count
------------  -------
all                 1
download_sra        1
total               2

Select jobs to execute...
Execute 1 jobs...

[Tue Jul  9 13:57:13 2024]
localrule download_sra:
    output: data/SRR2103848_1.fastq, data/SRR2103848_2.fastq
    jobid: 1
    reason: Missing output files: data/SRR2103848_2.fastq, data/SRR2103848_1.fastq
    wildcards: srr_id=SRR2103848
    resources: tmpdir=/tmp

[Tue Jul  9 14:16:52 2024]
Finished job 1.
1 of 2 steps (50%) done
Select jobs to execute...
Execute 1 jobs...

[Tue Jul  9 14:16:52 2024]
localrule all:
    input: data/SRR2103848_1.fastq, data/SRR2103848_2.fastq
    jobid: 0
    reason: Input files updated by another job: data/SRR2103848_2.fastq, data/SRR2103848_1.fastq
    resources: tmpdir=/tmp

[Tue Jul  9 14:16:52 2024]
Finished job 0.
2 of 2 steps (100%) done
Complete log: .snakemake/log/2024-07-09T135713.431410.snakemake.log
