[2024-07-09 13:13:01.392] [puff::index::jointLog] [info] Running fixFasta
[2024-07-09 13:13:01.398] [puff::index::jointLog] [info] Replaced 0 non-ATCG nucleotides
[2024-07-09 13:13:01.399] [puff::index::jointLog] [info] Clipped poly-A tails from 0 transcripts
[2024-07-09 13:13:01.399] [puff::index::jointLog] [info] Filter size not provided; estimating from number of distinct k-mers
[2024-07-09 13:13:01.400] [puff::index::jointLog] [info] ntHll estimated 65567 distinct k-mers, setting filter size to 2^21
[2024-07-09 13:13:01.427] [puff::index::jointLog] [info] Starting the Pufferfish indexing by reading the GFA binary file.
[2024-07-09 13:13:01.427] [puff::index::jointLog] [info] Setting the index/BinaryGfa directory Trinity.tmp.fasta.salmon.idx
[2024-07-09 13:13:01.427] [puff::index::jointLog] [info] Done wrapping the rank vector with a rank9sel structure.
[2024-07-09 13:13:01.427] [puff::index::jointLog] [info] contig count for validation: 161
[2024-07-09 13:13:01.427] [puff::index::jointLog] [info] Total # of Contigs : 161
[2024-07-09 13:13:01.427] [puff::index::jointLog] [info] Total # of numerical Contigs : 161
[2024-07-09 13:13:01.427] [puff::index::jointLog] [info] Total # of contig vec entries: 173
[2024-07-09 13:13:01.427] [puff::index::jointLog] [info] bits per offset entry 8
[2024-07-09 13:13:01.427] [puff::index::jointLog] [info] Done constructing the contig vector. 162
[2024-07-09 13:13:01.427] [puff::index::jointLog] [info] # segments = 161
[2024-07-09 13:13:01.427] [puff::index::jointLog] [info] total length = 46,688
[2024-07-09 13:13:01.427] [puff::index::jointLog] [info] Reading the reference files ...
[2024-07-09 13:13:01.428] [puff::index::jointLog] [info] positional integer width = 16
[2024-07-09 13:13:01.428] [puff::index::jointLog] [info] seqSize = 46,688
[2024-07-09 13:13:01.428] [puff::index::jointLog] [info] rankSize = 46,688
[2024-07-09 13:13:01.428] [puff::index::jointLog] [info] edgeVecSize = 0
[2024-07-09 13:13:01.428] [puff::index::jointLog] [info] num keys = 42,824
[2024-07-09 13:13:01.437] [puff::index::jointLog] [info] mphf size = 0.0274506 MB
[2024-07-09 13:13:01.437] [puff::index::jointLog] [info] chunk size = 23,344
[2024-07-09 13:13:01.437] [puff::index::jointLog] [info] chunk 0 = [0, 23,344)
[2024-07-09 13:13:01.437] [puff::index::jointLog] [info] chunk 1 = [23,344, 46,664)
[2024-07-09 13:13:01.439] [puff::index::jointLog] [info] finished populating pos vector
[2024-07-09 13:13:01.439] [puff::index::jointLog] [info] writing index components
[2024-07-09 13:13:01.439] [puff::index::jointLog] [info] finished writing dense pufferfish index
